#
# There is insufficient memory for the Java Runtime Environment to continue.
# Native memory allocation (malloc) failed to allocate 263296 bytes for Chunk::new
# Possible reasons:
#   The system is out of physical RAM or swap space
#   The process is running with CompressedOops enabled, and the Java Heap may be blocking the growth of the native heap
# Possible solutions:
#   Reduce memory load on the system
#   Increase physical memory or swap space
#   Check if swap backing store is full
#   Decrease Java heap size (-Xmx/-Xms)
#   Decrease number of Java threads
#   Decrease Java thread stack sizes (-Xss)
#   Set larger code cache with -XX:ReservedCodeCacheSize=
#   JVM is running with Unscaled Compressed Oops mode in which the Java heap is
#     placed in the first 4GB address space. The Java Heap base address is the
#     maximum limit for the native heap growth. Please use -XX:HeapBaseMinAddress
#     to set the Java Heap base and to place the Java Heap above 4GB virtual address.
# This output file may be truncated or incomplete.
#
#  Out of Memory Error (arena.cpp:189), pid=22048, tid=21256
#
# JRE version: OpenJDK Runtime Environment Temurin-17.0.4.1+1 (17.0.4.1+1) (build 17.0.4.1+1)
# Java VM: OpenJDK 64-Bit Server VM Temurin-17.0.4.1+1 (17.0.4.1+1, mixed mode, sharing, tiered, compressed oops, compressed class ptrs, g1 gc, windows-amd64)
# No core dump will be written. Minidumps are not enabled by default on client versions of Windows
#

---------------  S U M M A R Y ------------

Command Line: -XX:MaxMetaspaceSize=512m --add-opens=java.base/java.util=ALL-UNNAMED --add-opens=java.base/java.lang=ALL-UNNAMED --add-opens=java.base/java.lang.invoke=ALL-UNNAMED --add-opens=java.prefs/java.util.prefs=ALL-UNNAMED --add-opens=java.base/java.nio.charset=ALL-UNNAMED --add-opens=java.base/java.net=ALL-UNNAMED --add-opens=java.base/java.util.concurrent.atomic=ALL-UNNAMED -Xmx2048m -Dfile.encoding=windows-1252 -Duser.country=US -Duser.language=en -Duser.variant -javaagent:C:\Users\efdf\.gradle\wrapper\dists\gradle-8.8-all\6gdy1pgp427xkqcjbxw3ylt6h\gradle-8.8\lib\agents\gradle-instrumentation-agent-8.8.jar org.gradle.launcher.daemon.bootstrap.GradleDaemon 8.8

Host: 11th Gen Intel(R) Core(TM) i7-11800H @ 2.30GHz, 16 cores, 15G,  Windows 11 , 64 bit Build 22621 (10.0.22621.3958)
Time: Thu Sep 12 07:23:33 2024 SE Asia Standard Time elapsed time: 40.985002 seconds (0d 0h 0m 40s)

---------------  T H R E A D  ---------------

Current thread (0x000001defcc57e00):  JavaThread "C2 CompilerThread0" daemon [_thread_in_native, id=21256, stack(0x00000004ffd00000,0x00000004ffe00000)]


Current CompileTask:
C2:  40985 12628       4       com.sun.crypto.provider.AESCrypt::implEncryptBlock (953 bytes)

Stack: [0x00000004ffd00000,0x00000004ffe00000]
Native frames: (J=compiled Java code, j=interpreted, Vv=VM code, C=native code)
V  [jvm.dll+0x67731a]
V  [jvm.dll+0x832284]
V  [jvm.dll+0x833a2e]
V  [jvm.dll+0x834093]
V  [jvm.dll+0x245775]
V  [jvm.dll+0xabd7b]
V  [jvm.dll+0xac30c]
V  [jvm.dll+0x2ac80f]
V  [jvm.dll+0x57dd77]
V  [jvm.dll+0x220892]
V  [jvm.dll+0x220c6f]
V  [jvm.dll+0x21a4d5]
V  [jvm.dll+0x21799b]
V  [jvm.dll+0x1a3f8d]
V  [jvm.dll+0x227498]
V  [jvm.dll+0x2255e5]
V  [jvm.dll+0x7e7e9b]
V  [jvm.dll+0x7e240a]
V  [jvm.dll+0x6761a5]
C  [ucrtbase.dll+0x29333]
C  [KERNEL32.DLL+0x1257d]
C  [ntdll.dll+0x5af28]


---------------  P R O C E S S  ---------------

Threads class SMR info:
_java_thread_list=0x000001de92e66390, length=37, elements={
0x000001deea180550, 0x000001defcc43540, 0x000001defc0ae4c0, 0x000001defcc49560,
0x000001defc0be0c0, 0x000001defc0bea70, 0x000001defcc56330, 0x000001defcc57e00,
0x000001defcc62330, 0x000001defcc65c70, 0x000001defcd5a100, 0x000001defce1cd40,
0x000001defe23ec00, 0x000001defcd5e190, 0x000001defcfa9680, 0x000001defcfb00c0,
0x000001defe514820, 0x000001defcff8e10, 0x000001defd094940, 0x000001defd096af0,
0x000001defd094e10, 0x000001defd096fc0, 0x000001defd093fa0, 0x000001defd094470,
0x000001defd0952e0, 0x000001defd093ad0, 0x000001defd096620, 0x000001defd0957b0,
0x000001defd095c80, 0x000001defd096150, 0x000001defebac700, 0x000001defebaaef0,
0x000001defebabd60, 0x000001defebab890, 0x000001defebac230, 0x000001defebad0a0,
0x000001de90e78990
}

Java Threads: ( => current thread )
  0x000001deea180550 JavaThread "main" [_thread_blocked, id=2324, stack(0x00000004ff000000,0x00000004ff100000)]
  0x000001defcc43540 JavaThread "Reference Handler" daemon [_thread_blocked, id=19256, stack(0x00000004ff700000,0x00000004ff800000)]
  0x000001defc0ae4c0 JavaThread "Finalizer" daemon [_thread_blocked, id=12080, stack(0x00000004ff800000,0x00000004ff900000)]
  0x000001defcc49560 JavaThread "Signal Dispatcher" daemon [_thread_blocked, id=3816, stack(0x00000004ff900000,0x00000004ffa00000)]
  0x000001defc0be0c0 JavaThread "Attach Listener" daemon [_thread_blocked, id=21204, stack(0x00000004ffa00000,0x00000004ffb00000)]
  0x000001defc0bea70 JavaThread "Service Thread" daemon [_thread_blocked, id=2792, stack(0x00000004ffb00000,0x00000004ffc00000)]
  0x000001defcc56330 JavaThread "Monitor Deflation Thread" daemon [_thread_blocked, id=8744, stack(0x00000004ffc00000,0x00000004ffd00000)]
=>0x000001defcc57e00 JavaThread "C2 CompilerThread0" daemon [_thread_in_native, id=21256, stack(0x00000004ffd00000,0x00000004ffe00000)]
  0x000001defcc62330 JavaThread "C1 CompilerThread0" daemon [_thread_blocked, id=19284, stack(0x00000004ffe00000,0x00000004fff00000)]
  0x000001defcc65c70 JavaThread "Sweeper thread" daemon [_thread_blocked, id=4288, stack(0x00000004fff00000,0x0000000500000000)]
  0x000001defcd5a100 JavaThread "Common-Cleaner" daemon [_thread_blocked, id=16812, stack(0x0000000480000000,0x0000000480100000)]
  0x000001defce1cd40 JavaThread "Notification Thread" daemon [_thread_blocked, id=22520, stack(0x0000000480400000,0x0000000480500000)]
  0x000001defe23ec00 JavaThread "Daemon health stats" [_thread_blocked, id=6860, stack(0x0000000480c00000,0x0000000480d00000)]
  0x000001defcd5e190 JavaThread "Incoming local TCP Connector on port 53492" [_thread_in_native, id=26840, stack(0x0000000480d00000,0x0000000480e00000)]
  0x000001defcfa9680 JavaThread "Daemon periodic checks" [_thread_blocked, id=21148, stack(0x0000000480e00000,0x0000000480f00000)]
  0x000001defcfb00c0 JavaThread "Daemon" [_thread_blocked, id=4276, stack(0x0000000480f00000,0x0000000481000000)]
  0x000001defe514820 JavaThread "Handler for socket connection from /127.0.0.1:53492 to /127.0.0.1:53493" [_thread_in_native, id=20284, stack(0x0000000481000000,0x0000000481100000)]
  0x000001defcff8e10 JavaThread "Cancel handler" [_thread_blocked, id=22144, stack(0x0000000481100000,0x0000000481200000)]
  0x000001defd094940 JavaThread "Daemon worker" [_thread_in_Java, id=24104, stack(0x0000000481200000,0x0000000481300000)]
  0x000001defd096af0 JavaThread "Asynchronous log dispatcher for DefaultDaemonConnection: socket connection from /127.0.0.1:53492 to /127.0.0.1:53493" [_thread_blocked, id=24460, stack(0x0000000481300000,0x0000000481400000)]
  0x000001defd094e10 JavaThread "Stdin handler" [_thread_blocked, id=28540, stack(0x0000000481400000,0x0000000481500000)]
  0x000001defd096fc0 JavaThread "Daemon client event forwarder" [_thread_blocked, id=18620, stack(0x0000000481500000,0x0000000481600000)]
  0x000001defd093fa0 JavaThread "Cache worker for journal cache (C:\Users\efdf\.gradle\caches\journal-1)" [_thread_blocked, id=26108, stack(0x0000000481600000,0x0000000481700000)]
  0x000001defd094470 JavaThread "File lock request listener" [_thread_in_native, id=25524, stack(0x0000000481700000,0x0000000481800000)]
  0x000001defd0952e0 JavaThread "Cache worker for file hash cache (C:\Users\efdf\.gradle\caches\8.8\fileHashes)" [_thread_blocked, id=360, stack(0x0000000480100000,0x0000000480200000)]
  0x000001defd093ad0 JavaThread "Cache worker for file hash cache (D:\Workspace\reactnative\anime_project\android\.gradle\8.8\fileHashes)" [_thread_blocked, id=25196, stack(0x0000000481900000,0x0000000481a00000)]
  0x000001defd096620 JavaThread "File watcher server" daemon [_thread_in_native, id=6312, stack(0x0000000482100000,0x0000000482200000)]
  0x000001defd0957b0 JavaThread "File watcher consumer" daemon [_thread_blocked, id=8972, stack(0x0000000482200000,0x0000000482300000)]
  0x000001defd095c80 JavaThread "Cache worker for checksums cache (D:\Workspace\reactnative\anime_project\android\.gradle\8.8\checksums)" [_thread_blocked, id=22824, stack(0x0000000482500000,0x0000000482600000)]
  0x000001defd096150 JavaThread "Cache worker for file content cache (C:\Users\efdf\.gradle\caches\8.8\fileContent)" [_thread_blocked, id=25276, stack(0x0000000482600000,0x0000000482700000)]
  0x000001defebac700 JavaThread "Cache worker for cache directory md-rule (C:\Users\efdf\.gradle\caches\8.8\md-rule)" [_thread_blocked, id=17860, stack(0x0000000482700000,0x0000000482800000)]
  0x000001defebaaef0 JavaThread "Cache worker for cache directory md-supplier (C:\Users\efdf\.gradle\caches\8.8\md-supplier)" [_thread_blocked, id=14940, stack(0x0000000482900000,0x0000000482a00000)]
  0x000001defebabd60 JavaThread "jar transforms" [_thread_blocked, id=28476, stack(0x0000000482800000,0x0000000482900000)]
  0x000001defebab890 JavaThread "Exec process" [_thread_blocked, id=10028, stack(0x0000000482a00000,0x0000000482b00000)]
  0x000001defebac230 JavaThread "Exec process Thread 2" [_thread_blocked, id=21564, stack(0x0000000482b00000,0x0000000482c00000)]
  0x000001defebad0a0 JavaThread "Exec process Thread 3" [_thread_blocked, id=12740, stack(0x0000000482c00000,0x0000000482d00000)]
  0x000001de90e78990 JavaThread "C1 CompilerThread1" daemon [_thread_blocked, id=21272, stack(0x0000000480300000,0x0000000480400000)]

Other Threads:
  0x000001defcc42010 VMThread "VM Thread" [stack: 0x00000004ff600000,0x00000004ff700000] [id=27236]
  0x000001defcedc130 WatcherThread [stack: 0x0000000480500000,0x0000000480600000] [id=12532]
  0x000001deea1dd710 GCTaskThread "GC Thread#0" [stack: 0x00000004ff100000,0x00000004ff200000] [id=5912]
  0x000001defdf45980 GCTaskThread "GC Thread#1" [stack: 0x0000000480700000,0x0000000480800000] [id=27992]
  0x000001defd7feab0 GCTaskThread "GC Thread#2" [stack: 0x0000000480800000,0x0000000480900000] [id=19336]
  0x000001defdcdf620 GCTaskThread "GC Thread#3" [stack: 0x0000000480900000,0x0000000480a00000] [id=2832]
  0x000001defdcdf8d0 GCTaskThread "GC Thread#4" [stack: 0x0000000480a00000,0x0000000480b00000] [id=27592]
  0x000001defdd09bb0 GCTaskThread "GC Thread#5" [stack: 0x0000000480b00000,0x0000000480c00000] [id=14796]
  0x000001defe592b50 GCTaskThread "GC Thread#6" [stack: 0x0000000481a00000,0x0000000481b00000] [id=100]
  0x000001defe592090 GCTaskThread "GC Thread#7" [stack: 0x0000000481b00000,0x0000000481c00000] [id=24864]
  0x000001defe592e00 GCTaskThread "GC Thread#8" [stack: 0x0000000481c00000,0x0000000481d00000] [id=28388]
  0x000001defe5925f0 GCTaskThread "GC Thread#9" [stack: 0x0000000481d00000,0x0000000481e00000] [id=11412]
  0x000001defe5930b0 GCTaskThread "GC Thread#10" [stack: 0x0000000481e00000,0x0000000481f00000] [id=796]
  0x000001de901c8020 GCTaskThread "GC Thread#11" [stack: 0x0000000481f00000,0x0000000482000000] [id=28356]
  0x000001de901c95a0 GCTaskThread "GC Thread#12" [stack: 0x0000000482000000,0x0000000482100000] [id=27396]
  0x000001dee9f4df90 ConcurrentGCThread "G1 Main Marker" [stack: 0x00000004ff200000,0x00000004ff300000] [id=17640]
  0x000001dee9f4e9a0 ConcurrentGCThread "G1 Conc#0" [stack: 0x00000004ff300000,0x00000004ff400000] [id=10116]
  0x000001de901c8d90 ConcurrentGCThread "G1 Conc#1" [stack: 0x0000000482300000,0x0000000482400000] [id=1056]
  0x000001de901c7ac0 ConcurrentGCThread "G1 Conc#2" [stack: 0x0000000482400000,0x0000000482500000] [id=16716]
  0x000001defbf63610 ConcurrentGCThread "G1 Refine#0" [stack: 0x00000004ff400000,0x00000004ff500000] [id=7600]
  0x000001defbf65e50 ConcurrentGCThread "G1 Service" [stack: 0x00000004ff500000,0x00000004ff600000] [id=8120]

Threads with active compile tasks:
C2 CompilerThread0    41015 12628       4       com.sun.crypto.provider.AESCrypt::implEncryptBlock (953 bytes)

VM state: not at safepoint (normal execution)

VM Mutex/Monitor currently owned by a thread: None

Heap address: 0x0000000080000000, size: 2048 MB, Compressed Oops mode: 32-bit

CDS archive(s) mapped at: [0x0000000800000000-0x0000000800bc0000-0x0000000800bc0000), size 12320768, SharedBaseAddress: 0x0000000800000000, ArchiveRelocationMode: 0.
Compressed class space mapped at: 0x0000000800c00000-0x000000081a800000, reserved size: 432013312
Narrow klass base: 0x0000000800000000, Narrow klass shift: 0, Narrow klass range: 0x100000000

GC Precious Log:
 CPUs: 16 total, 16 available
 Memory: 16163M
 Large Page Support: Disabled
 NUMA Support: Disabled
 Compressed Oops: Enabled (32-bit)
 Heap Region Size: 1M
 Heap Min Capacity: 8M
 Heap Initial Capacity: 254M
 Heap Max Capacity: 2G
 Pre-touch: Disabled
 Parallel Workers: 13
 Concurrent Workers: 3
 Concurrent Refinement Workers: 13
 Periodic GC: Disabled

Heap:
 garbage-first heap   total 217088K, used 116909K [0x0000000080000000, 0x0000000100000000)
  region size 1024K, 29 young (29696K), 2 survivors (2048K)
 Metaspace       used 117632K, committed 118208K, reserved 528384K
  class space    used 14966K, committed 15232K, reserved 421888K

Heap Regions: E=young(eden), S=young(survivor), O=old, HS=humongous(starts), HC=humongous(continues), CS=collection set, F=free, OA=open archive, CA=closed archive, TAMS=top-at-mark-start (previous, next)
|   0|0x0000000080000000, 0x0000000080100000, 0x0000000080100000|100%|HS|  |TAMS 0x0000000080100000, 0x0000000080000000| Complete 
|   1|0x0000000080100000, 0x0000000080200000, 0x0000000080200000|100%|HC|  |TAMS 0x0000000080200000, 0x0000000080100000| Complete 
|   2|0x0000000080200000, 0x0000000080300000, 0x0000000080300000|100%|HC|  |TAMS 0x0000000080300000, 0x0000000080200000| Complete 
|   3|0x0000000080300000, 0x0000000080400000, 0x0000000080400000|100%|HC|  |TAMS 0x0000000080400000, 0x0000000080300000| Complete 
|   4|0x0000000080400000, 0x0000000080500000, 0x0000000080500000|100%| O|  |TAMS 0x0000000080500000, 0x0000000080400000| Untracked 
|   5|0x0000000080500000, 0x0000000080600000, 0x0000000080600000|100%| O|  |TAMS 0x0000000080600000, 0x0000000080500000| Untracked 
|   6|0x0000000080600000, 0x0000000080700000, 0x0000000080700000|100%| O|  |TAMS 0x0000000080700000, 0x0000000080600000| Untracked 
|   7|0x0000000080700000, 0x0000000080800000, 0x0000000080800000|100%| O|  |TAMS 0x0000000080800000, 0x0000000080700000| Untracked 
|   8|0x0000000080800000, 0x0000000080900000, 0x0000000080900000|100%| O|  |TAMS 0x0000000080900000, 0x0000000080800000| Untracked 
|   9|0x0000000080900000, 0x0000000080a00000, 0x0000000080a00000|100%| O|  |TAMS 0x0000000080a00000, 0x0000000080900000| Untracked 
|  10|0x0000000080a00000, 0x0000000080b00000, 0x0000000080b00000|100%| O|  |TAMS 0x0000000080b00000, 0x0000000080a00000| Untracked 
|  11|0x0000000080b00000, 0x0000000080c00000, 0x0000000080c00000|100%|HS|  |TAMS 0x0000000080c00000, 0x0000000080b00000| Complete 
|  12|0x0000000080c00000, 0x0000000080d00000, 0x0000000080d00000|100%| O|  |TAMS 0x0000000080d00000, 0x0000000080c00000| Untracked 
|  13|0x0000000080d00000, 0x0000000080e00000, 0x0000000080e00000|100%| O|  |TAMS 0x0000000080e00000, 0x0000000080d00000| Untracked 
|  14|0x0000000080e00000, 0x0000000080f00000, 0x0000000080f00000|100%| O|  |TAMS 0x0000000080f00000, 0x0000000080e00000| Untracked 
|  15|0x0000000080f00000, 0x0000000081000000, 0x0000000081000000|100%| O|  |TAMS 0x0000000081000000, 0x0000000080f00000| Untracked 
|  16|0x0000000081000000, 0x0000000081100000, 0x0000000081100000|100%| O|  |TAMS 0x0000000081100000, 0x0000000081000000| Untracked 
|  17|0x0000000081100000, 0x0000000081200000, 0x0000000081200000|100%| O|  |TAMS 0x0000000081200000, 0x0000000081100000| Untracked 
|  18|0x0000000081200000, 0x0000000081300000, 0x0000000081300000|100%| O|  |TAMS 0x0000000081300000, 0x0000000081200000| Untracked 
|  19|0x0000000081300000, 0x0000000081400000, 0x0000000081400000|100%| O|  |TAMS 0x0000000081400000, 0x0000000081300000| Untracked 
|  20|0x0000000081400000, 0x0000000081500000, 0x0000000081500000|100%| O|  |TAMS 0x0000000081500000, 0x0000000081400000| Untracked 
|  21|0x0000000081500000, 0x0000000081600000, 0x0000000081600000|100%| O|  |TAMS 0x0000000081600000, 0x0000000081500000| Untracked 
|  22|0x0000000081600000, 0x0000000081699600, 0x0000000081700000| 59%| O|  |TAMS 0x0000000081699600, 0x0000000081600000| Untracked 
|  23|0x0000000081700000, 0x0000000081800000, 0x0000000081800000|100%| O|  |TAMS 0x0000000081800000, 0x0000000081700000| Untracked 
|  24|0x0000000081800000, 0x0000000081900000, 0x0000000081900000|100%| O|  |TAMS 0x0000000081900000, 0x0000000081800000| Untracked 
|  25|0x0000000081900000, 0x0000000081a00000, 0x0000000081a00000|100%| O|  |TAMS 0x0000000081a00000, 0x0000000081900000| Untracked 
|  26|0x0000000081a00000, 0x0000000081b00000, 0x0000000081b00000|100%| O|  |TAMS 0x0000000081b00000, 0x0000000081a00000| Untracked 
|  27|0x0000000081b00000, 0x0000000081c00000, 0x0000000081c00000|100%| O|  |TAMS 0x0000000081c00000, 0x0000000081b00000| Untracked 
|  28|0x0000000081c00000, 0x0000000081d00000, 0x0000000081d00000|100%| O|  |TAMS 0x0000000081d00000, 0x0000000081c00000| Untracked 
|  29|0x0000000081d00000, 0x0000000081e00000, 0x0000000081e00000|100%| O|  |TAMS 0x0000000081e00000, 0x0000000081d00000| Untracked 
|  30|0x0000000081e00000, 0x0000000081f00000, 0x0000000081f00000|100%| O|  |TAMS 0x0000000081f00000, 0x0000000081e00000| Untracked 
|  31|0x0000000081f00000, 0x0000000082000000, 0x0000000082000000|100%| O|  |TAMS 0x0000000082000000, 0x0000000081f00000| Untracked 
|  32|0x0000000082000000, 0x0000000082100000, 0x0000000082100000|100%| O|  |TAMS 0x0000000082100000, 0x0000000082000000| Untracked 
|  33|0x0000000082100000, 0x0000000082200000, 0x0000000082200000|100%| O|  |TAMS 0x0000000082200000, 0x0000000082100000| Untracked 
|  34|0x0000000082200000, 0x0000000082300000, 0x0000000082300000|100%| O|  |TAMS 0x0000000082300000, 0x0000000082200000| Untracked 
|  35|0x0000000082300000, 0x0000000082400000, 0x0000000082400000|100%| O|  |TAMS 0x0000000082400000, 0x0000000082300000| Untracked 
|  36|0x0000000082400000, 0x0000000082500000, 0x0000000082500000|100%| O|  |TAMS 0x0000000082500000, 0x0000000082400000| Untracked 
|  37|0x0000000082500000, 0x0000000082600000, 0x0000000082600000|100%| O|  |TAMS 0x0000000082600000, 0x0000000082500000| Untracked 
|  38|0x0000000082600000, 0x0000000082700000, 0x0000000082700000|100%| O|  |TAMS 0x0000000082700000, 0x0000000082600000| Untracked 
|  39|0x0000000082700000, 0x0000000082800000, 0x0000000082800000|100%| O|  |TAMS 0x0000000082800000, 0x0000000082700000| Untracked 
|  40|0x0000000082800000, 0x0000000082900000, 0x0000000082900000|100%| O|  |TAMS 0x0000000082900000, 0x0000000082800000| Untracked 
|  41|0x0000000082900000, 0x0000000082a00000, 0x0000000082a00000|100%| O|  |TAMS 0x0000000082a00000, 0x0000000082900000| Untracked 
|  42|0x0000000082a00000, 0x0000000082b00000, 0x0000000082b00000|100%| O|  |TAMS 0x0000000082b00000, 0x0000000082a00000| Untracked 
|  43|0x0000000082b00000, 0x0000000082c00000, 0x0000000082c00000|100%| O|  |TAMS 0x0000000082c00000, 0x0000000082b00000| Untracked 
|  44|0x0000000082c00000, 0x0000000082d00000, 0x0000000082d00000|100%| O|  |TAMS 0x0000000082d00000, 0x0000000082c00000| Untracked 
|  45|0x0000000082d00000, 0x0000000082e00000, 0x0000000082e00000|100%| O|  |TAMS 0x0000000082e00000, 0x0000000082d00000| Untracked 
|  46|0x0000000082e00000, 0x0000000082f00000, 0x0000000082f00000|100%| O|  |TAMS 0x0000000082f00000, 0x0000000082e00000| Untracked 
|  47|0x0000000082f00000, 0x0000000083000000, 0x0000000083000000|100%| O|  |TAMS 0x0000000083000000, 0x0000000082f00000| Untracked 
|  48|0x0000000083000000, 0x0000000083100000, 0x0000000083100000|100%| O|  |TAMS 0x0000000083100000, 0x0000000083000000| Untracked 
|  49|0x0000000083100000, 0x0000000083200000, 0x0000000083200000|100%| O|  |TAMS 0x0000000083200000, 0x0000000083100000| Untracked 
|  50|0x0000000083200000, 0x0000000083300000, 0x0000000083300000|100%| O|  |TAMS 0x0000000083300000, 0x0000000083200000| Untracked 
|  51|0x0000000083300000, 0x0000000083300000, 0x0000000083400000|  0%| F|  |TAMS 0x0000000083300000, 0x0000000083300000| Untracked 
|  52|0x0000000083400000, 0x0000000083500000, 0x0000000083500000|100%| O|  |TAMS 0x0000000083500000, 0x0000000083400000| Untracked 
|  53|0x0000000083500000, 0x0000000083600000, 0x0000000083600000|100%| O|  |TAMS 0x0000000083600000, 0x0000000083500000| Untracked 
|  54|0x0000000083600000, 0x0000000083700000, 0x0000000083700000|100%| O|  |TAMS 0x0000000083700000, 0x0000000083600000| Untracked 
|  55|0x0000000083700000, 0x0000000083800000, 0x0000000083800000|100%| O|  |TAMS 0x0000000083800000, 0x0000000083700000| Untracked 
|  56|0x0000000083800000, 0x0000000083900000, 0x0000000083900000|100%| O|  |TAMS 0x0000000083900000, 0x0000000083800000| Untracked 
|  57|0x0000000083900000, 0x0000000083a00000, 0x0000000083a00000|100%| O|  |TAMS 0x0000000083a00000, 0x0000000083900000| Untracked 
|  58|0x0000000083a00000, 0x0000000083b00000, 0x0000000083b00000|100%| O|  |TAMS 0x0000000083a2d800, 0x0000000083a00000| Untracked 
|  59|0x0000000083b00000, 0x0000000083c00000, 0x0000000083c00000|100%| O|  |TAMS 0x0000000083b00000, 0x0000000083b00000| Untracked 
|  60|0x0000000083c00000, 0x0000000083d00000, 0x0000000083d00000|100%|HS|  |TAMS 0x0000000083d00000, 0x0000000083c00000| Complete 
|  61|0x0000000083d00000, 0x0000000083e00000, 0x0000000083e00000|100%| O|  |TAMS 0x0000000083d00000, 0x0000000083d00000| Untracked 
|  62|0x0000000083e00000, 0x0000000083f00000, 0x0000000083f00000|100%| O|  |TAMS 0x0000000083e00000, 0x0000000083e00000| Untracked 
|  63|0x0000000083f00000, 0x0000000084000000, 0x0000000084000000|100%|HS|  |TAMS 0x0000000084000000, 0x0000000083f00000| Complete 
|  64|0x0000000084000000, 0x0000000084100000, 0x0000000084100000|100%|HC|  |TAMS 0x0000000084100000, 0x0000000084000000| Complete 
|  65|0x0000000084100000, 0x0000000084200000, 0x0000000084200000|100%|HC|  |TAMS 0x0000000084200000, 0x0000000084100000| Complete 
|  66|0x0000000084200000, 0x0000000084300000, 0x0000000084300000|100%|HC|  |TAMS 0x0000000084300000, 0x0000000084200000| Complete 
|  67|0x0000000084300000, 0x0000000084400000, 0x0000000084400000|100%|HC|  |TAMS 0x0000000084400000, 0x0000000084300000| Complete 
|  68|0x0000000084400000, 0x0000000084500000, 0x0000000084500000|100%|HC|  |TAMS 0x0000000084500000, 0x0000000084400000| Complete 
|  69|0x0000000084500000, 0x0000000084600000, 0x0000000084600000|100%| O|  |TAMS 0x0000000084600000, 0x0000000084500000| Untracked 
|  70|0x0000000084600000, 0x0000000084700000, 0x0000000084700000|100%| O|  |TAMS 0x0000000084600000, 0x0000000084600000| Untracked 
|  71|0x0000000084700000, 0x0000000084800000, 0x0000000084800000|100%| O|  |TAMS 0x0000000084700000, 0x0000000084700000| Untracked 
|  72|0x0000000084800000, 0x0000000084900000, 0x0000000084900000|100%| O|  |TAMS 0x0000000084800000, 0x0000000084800000| Untracked 
|  73|0x0000000084900000, 0x0000000084a00000, 0x0000000084a00000|100%| O|  |TAMS 0x0000000084900000, 0x0000000084900000| Untracked 
|  74|0x0000000084a00000, 0x0000000084b00000, 0x0000000084b00000|100%| O|  |TAMS 0x0000000084a00000, 0x0000000084a00000| Untracked 
|  75|0x0000000084b00000, 0x0000000084c00000, 0x0000000084c00000|100%| O|  |TAMS 0x0000000084b00000, 0x0000000084b00000| Untracked 
|  76|0x0000000084c00000, 0x0000000084d00000, 0x0000000084d00000|100%| O|  |TAMS 0x0000000084c00000, 0x0000000084c00000| Untracked 
|  77|0x0000000084d00000, 0x0000000084e00000, 0x0000000084e00000|100%| O|  |TAMS 0x0000000084d00000, 0x0000000084d00000| Untracked 
|  78|0x0000000084e00000, 0x0000000084f00000, 0x0000000084f00000|100%| O|  |TAMS 0x0000000084e00000, 0x0000000084e00000| Untracked 
|  79|0x0000000084f00000, 0x0000000085000000, 0x0000000085000000|100%| O|  |TAMS 0x0000000084f00000, 0x0000000084f00000| Untracked 
|  80|0x0000000085000000, 0x0000000085040200, 0x0000000085100000| 25%| O|  |TAMS 0x0000000085000000, 0x0000000085000000| Untracked 
|  81|0x0000000085100000, 0x0000000085100000, 0x0000000085200000|  0%| F|  |TAMS 0x0000000085100000, 0x0000000085100000| Untracked 
|  82|0x0000000085200000, 0x0000000085200000, 0x0000000085300000|  0%| F|  |TAMS 0x0000000085200000, 0x0000000085200000| Untracked 
|  83|0x0000000085300000, 0x0000000085300000, 0x0000000085400000|  0%| F|  |TAMS 0x0000000085300000, 0x0000000085300000| Untracked 
|  84|0x0000000085400000, 0x0000000085500000, 0x0000000085500000|100%| O|  |TAMS 0x0000000085500000, 0x0000000085400000| Untracked 
|  85|0x0000000085500000, 0x0000000085600000, 0x0000000085600000|100%| O|  |TAMS 0x0000000085600000, 0x0000000085500000| Untracked 
|  86|0x0000000085600000, 0x0000000085700000, 0x0000000085700000|100%| O|  |TAMS 0x0000000085700000, 0x0000000085600000| Untracked 
|  87|0x0000000085700000, 0x0000000085800000, 0x0000000085800000|100%| O|  |TAMS 0x0000000085800000, 0x0000000085700000| Untracked 
|  88|0x0000000085800000, 0x0000000085900000, 0x0000000085900000|100%| O|  |TAMS 0x0000000085900000, 0x0000000085800000| Untracked 
|  89|0x0000000085900000, 0x0000000085a00000, 0x0000000085a00000|100%| O|  |TAMS 0x0000000085a00000, 0x0000000085900000| Untracked 
|  90|0x0000000085a00000, 0x0000000085b00000, 0x0000000085b00000|100%| O|  |TAMS 0x0000000085b00000, 0x0000000085a00000| Untracked 
|  91|0x0000000085b00000, 0x0000000085c00000, 0x0000000085c00000|100%| O|  |TAMS 0x0000000085c00000, 0x0000000085b00000| Untracked 
|  92|0x0000000085c00000, 0x0000000085c00000, 0x0000000085d00000|  0%| F|  |TAMS 0x0000000085c00000, 0x0000000085c00000| Untracked 
|  93|0x0000000085d00000, 0x0000000085d00000, 0x0000000085e00000|  0%| F|  |TAMS 0x0000000085d00000, 0x0000000085d00000| Untracked 
|  94|0x0000000085e00000, 0x0000000085e00000, 0x0000000085f00000|  0%| F|  |TAMS 0x0000000085e00000, 0x0000000085e00000| Untracked 
|  95|0x0000000085f00000, 0x0000000085f00000, 0x0000000086000000|  0%| F|  |TAMS 0x0000000085f00000, 0x0000000085f00000| Untracked 
|  96|0x0000000086000000, 0x0000000086000000, 0x0000000086100000|  0%| F|  |TAMS 0x0000000086000000, 0x0000000086000000| Untracked 
|  97|0x0000000086100000, 0x0000000086100000, 0x0000000086200000|  0%| F|  |TAMS 0x0000000086100000, 0x0000000086100000| Untracked 
|  98|0x0000000086200000, 0x0000000086200000, 0x0000000086300000|  0%| F|  |TAMS 0x0000000086200000, 0x0000000086200000| Untracked 
|  99|0x0000000086300000, 0x0000000086300000, 0x0000000086400000|  0%| F|  |TAMS 0x0000000086300000, 0x0000000086300000| Untracked 
| 100|0x0000000086400000, 0x0000000086400000, 0x0000000086500000|  0%| F|  |TAMS 0x0000000086400000, 0x0000000086400000| Untracked 
| 101|0x0000000086500000, 0x0000000086500000, 0x0000000086600000|  0%| F|  |TAMS 0x0000000086500000, 0x0000000086500000| Untracked 
| 102|0x0000000086600000, 0x0000000086600000, 0x0000000086700000|  0%| F|  |TAMS 0x0000000086600000, 0x0000000086600000| Untracked 
| 103|0x0000000086700000, 0x0000000086700000, 0x0000000086800000|  0%| F|  |TAMS 0x0000000086700000, 0x0000000086700000| Untracked 
| 104|0x0000000086800000, 0x0000000086800000, 0x0000000086900000|  0%| F|  |TAMS 0x0000000086800000, 0x0000000086800000| Untracked 
| 105|0x0000000086900000, 0x0000000086900000, 0x0000000086a00000|  0%| F|  |TAMS 0x0000000086900000, 0x0000000086900000| Untracked 
| 106|0x0000000086a00000, 0x0000000086a00000, 0x0000000086b00000|  0%| F|  |TAMS 0x0000000086a00000, 0x0000000086a00000| Untracked 
| 107|0x0000000086b00000, 0x0000000086b00000, 0x0000000086c00000|  0%| F|  |TAMS 0x0000000086b00000, 0x0000000086b00000| Untracked 
| 108|0x0000000086c00000, 0x0000000086c00000, 0x0000000086d00000|  0%| F|  |TAMS 0x0000000086c00000, 0x0000000086c00000| Untracked 
| 109|0x0000000086d00000, 0x0000000086d00000, 0x0000000086e00000|  0%| F|  |TAMS 0x0000000086d00000, 0x0000000086d00000| Untracked 
| 110|0x0000000086e00000, 0x0000000086e00000, 0x0000000086f00000|  0%| F|  |TAMS 0x0000000086e00000, 0x0000000086e00000| Untracked 
| 111|0x0000000086f00000, 0x0000000086f00000, 0x0000000087000000|  0%| F|  |TAMS 0x0000000086f00000, 0x0000000086f00000| Untracked 
| 112|0x0000000087000000, 0x0000000087000000, 0x0000000087100000|  0%| F|  |TAMS 0x0000000087000000, 0x0000000087000000| Untracked 
| 113|0x0000000087100000, 0x0000000087100000, 0x0000000087200000|  0%| F|  |TAMS 0x0000000087100000, 0x0000000087100000| Untracked 
| 114|0x0000000087200000, 0x0000000087200000, 0x0000000087300000|  0%| F|  |TAMS 0x0000000087200000, 0x0000000087200000| Untracked 
| 115|0x0000000087300000, 0x0000000087300000, 0x0000000087400000|  0%| F|  |TAMS 0x0000000087300000, 0x0000000087300000| Untracked 
| 116|0x0000000087400000, 0x0000000087400000, 0x0000000087500000|  0%| F|  |TAMS 0x0000000087400000, 0x0000000087400000| Untracked 
| 117|0x0000000087500000, 0x0000000087500000, 0x0000000087600000|  0%| F|  |TAMS 0x0000000087500000, 0x0000000087500000| Untracked 
| 118|0x0000000087600000, 0x0000000087600000, 0x0000000087700000|  0%| F|  |TAMS 0x0000000087600000, 0x0000000087600000| Untracked 
| 119|0x0000000087700000, 0x0000000087700000, 0x0000000087800000|  0%| F|  |TAMS 0x0000000087700000, 0x0000000087700000| Untracked 
| 120|0x0000000087800000, 0x0000000087800000, 0x0000000087900000|  0%| F|  |TAMS 0x0000000087800000, 0x0000000087800000| Untracked 
| 121|0x0000000087900000, 0x0000000087900000, 0x0000000087a00000|  0%| F|  |TAMS 0x0000000087900000, 0x0000000087900000| Untracked 
| 122|0x0000000087a00000, 0x0000000087a00000, 0x0000000087b00000|  0%| F|  |TAMS 0x0000000087a00000, 0x0000000087a00000| Untracked 
| 123|0x0000000087b00000, 0x0000000087b00000, 0x0000000087c00000|  0%| F|  |TAMS 0x0000000087b00000, 0x0000000087b00000| Untracked 
| 124|0x0000000087c00000, 0x0000000087c00000, 0x0000000087d00000|  0%| F|  |TAMS 0x0000000087c00000, 0x0000000087c00000| Untracked 
| 125|0x0000000087d00000, 0x0000000087d00000, 0x0000000087e00000|  0%| F|  |TAMS 0x0000000087d00000, 0x0000000087d00000| Untracked 
| 126|0x0000000087e00000, 0x0000000087e00000, 0x0000000087f00000|  0%| F|  |TAMS 0x0000000087e00000, 0x0000000087e00000| Untracked 
| 127|0x0000000087f00000, 0x0000000087f00000, 0x0000000088000000|  0%| F|  |TAMS 0x0000000087f00000, 0x0000000087f00000| Untracked 
| 128|0x0000000088000000, 0x0000000088000000, 0x0000000088100000|  0%| F|  |TAMS 0x0000000088000000, 0x0000000088000000| Untracked 
| 129|0x0000000088100000, 0x0000000088100000, 0x0000000088200000|  0%| F|  |TAMS 0x0000000088100000, 0x0000000088100000| Untracked 
| 130|0x0000000088200000, 0x0000000088200000, 0x0000000088300000|  0%| F|  |TAMS 0x0000000088200000, 0x0000000088200000| Untracked 
| 131|0x0000000088300000, 0x0000000088300000, 0x0000000088400000|  0%| F|  |TAMS 0x0000000088300000, 0x0000000088300000| Untracked 
| 132|0x0000000088400000, 0x0000000088400000, 0x0000000088500000|  0%| F|  |TAMS 0x0000000088400000, 0x0000000088400000| Untracked 
| 133|0x0000000088500000, 0x0000000088500000, 0x0000000088600000|  0%| F|  |TAMS 0x0000000088500000, 0x0000000088500000| Untracked 
| 134|0x0000000088600000, 0x0000000088600000, 0x0000000088700000|  0%| F|  |TAMS 0x0000000088600000, 0x0000000088600000| Untracked 
| 135|0x0000000088700000, 0x0000000088700000, 0x0000000088800000|  0%| F|  |TAMS 0x0000000088700000, 0x0000000088700000| Untracked 
| 136|0x0000000088800000, 0x0000000088800000, 0x0000000088900000|  0%| F|  |TAMS 0x0000000088800000, 0x0000000088800000| Untracked 
| 137|0x0000000088900000, 0x0000000088900000, 0x0000000088a00000|  0%| F|  |TAMS 0x0000000088900000, 0x0000000088900000| Untracked 
| 138|0x0000000088a00000, 0x0000000088a00000, 0x0000000088b00000|  0%| F|  |TAMS 0x0000000088a00000, 0x0000000088a00000| Untracked 
| 139|0x0000000088b00000, 0x0000000088b00000, 0x0000000088c00000|  0%| F|  |TAMS 0x0000000088b00000, 0x0000000088b00000| Untracked 
| 140|0x0000000088c00000, 0x0000000088c00000, 0x0000000088d00000|  0%| F|  |TAMS 0x0000000088c00000, 0x0000000088c00000| Untracked 
| 141|0x0000000088d00000, 0x0000000088d00000, 0x0000000088e00000|  0%| F|  |TAMS 0x0000000088d00000, 0x0000000088d00000| Untracked 
| 142|0x0000000088e00000, 0x0000000088e00000, 0x0000000088f00000|  0%| F|  |TAMS 0x0000000088e00000, 0x0000000088e00000| Untracked 
| 143|0x0000000088f00000, 0x0000000088f00000, 0x0000000089000000|  0%| F|  |TAMS 0x0000000088f00000, 0x0000000088f00000| Untracked 
| 144|0x0000000089000000, 0x0000000089000000, 0x0000000089100000|  0%| F|  |TAMS 0x0000000089000000, 0x0000000089000000| Untracked 
| 145|0x0000000089100000, 0x0000000089100000, 0x0000000089200000|  0%| F|  |TAMS 0x0000000089100000, 0x0000000089100000| Untracked 
| 146|0x0000000089200000, 0x0000000089200000, 0x0000000089300000|  0%| F|  |TAMS 0x0000000089200000, 0x0000000089200000| Untracked 
| 147|0x0000000089300000, 0x0000000089300000, 0x0000000089400000|  0%| F|  |TAMS 0x0000000089300000, 0x0000000089300000| Untracked 
| 148|0x0000000089400000, 0x0000000089400000, 0x0000000089500000|  0%| F|  |TAMS 0x0000000089400000, 0x0000000089400000| Untracked 
| 149|0x0000000089500000, 0x0000000089500000, 0x0000000089600000|  0%| F|  |TAMS 0x0000000089500000, 0x0000000089500000| Untracked 
| 150|0x0000000089600000, 0x0000000089600000, 0x0000000089700000|  0%| F|  |TAMS 0x0000000089600000, 0x0000000089600000| Untracked 
| 151|0x0000000089700000, 0x0000000089700000, 0x0000000089800000|  0%| F|  |TAMS 0x0000000089700000, 0x0000000089700000| Untracked 
| 152|0x0000000089800000, 0x0000000089800000, 0x0000000089900000|  0%| F|  |TAMS 0x0000000089800000, 0x0000000089800000| Untracked 
| 153|0x0000000089900000, 0x0000000089900000, 0x0000000089a00000|  0%| F|  |TAMS 0x0000000089900000, 0x0000000089900000| Untracked 
| 154|0x0000000089a00000, 0x0000000089a00000, 0x0000000089b00000|  0%| F|  |TAMS 0x0000000089a00000, 0x0000000089a00000| Untracked 
| 155|0x0000000089b00000, 0x0000000089b00000, 0x0000000089c00000|  0%| F|  |TAMS 0x0000000089b00000, 0x0000000089b00000| Untracked 
| 156|0x0000000089c00000, 0x0000000089c00000, 0x0000000089d00000|  0%| F|  |TAMS 0x0000000089c00000, 0x0000000089c00000| Untracked 
| 157|0x0000000089d00000, 0x0000000089d00000, 0x0000000089e00000|  0%| F|  |TAMS 0x0000000089d00000, 0x0000000089d00000| Untracked 
| 158|0x0000000089e00000, 0x0000000089e00000, 0x0000000089f00000|  0%| F|  |TAMS 0x0000000089e00000, 0x0000000089e00000| Untracked 
| 159|0x0000000089f00000, 0x0000000089f00000, 0x000000008a000000|  0%| F|  |TAMS 0x0000000089f00000, 0x0000000089f00000| Untracked 
| 160|0x000000008a000000, 0x000000008a000000, 0x000000008a100000|  0%| F|  |TAMS 0x000000008a000000, 0x000000008a000000| Untracked 
| 161|0x000000008a100000, 0x000000008a100000, 0x000000008a200000|  0%| F|  |TAMS 0x000000008a100000, 0x000000008a100000| Untracked 
| 162|0x000000008a200000, 0x000000008a200000, 0x000000008a300000|  0%| F|  |TAMS 0x000000008a200000, 0x000000008a200000| Untracked 
| 163|0x000000008a300000, 0x000000008a300000, 0x000000008a400000|  0%| F|  |TAMS 0x000000008a300000, 0x000000008a300000| Untracked 
| 164|0x000000008a400000, 0x000000008a400000, 0x000000008a500000|  0%| F|  |TAMS 0x000000008a400000, 0x000000008a400000| Untracked 
| 165|0x000000008a500000, 0x000000008a500000, 0x000000008a600000|  0%| F|  |TAMS 0x000000008a500000, 0x000000008a500000| Untracked 
| 166|0x000000008a600000, 0x000000008a600000, 0x000000008a700000|  0%| F|  |TAMS 0x000000008a600000, 0x000000008a600000| Untracked 
| 167|0x000000008a700000, 0x000000008a700000, 0x000000008a800000|  0%| F|  |TAMS 0x000000008a700000, 0x000000008a700000| Untracked 
| 168|0x000000008a800000, 0x000000008a800000, 0x000000008a900000|  0%| F|  |TAMS 0x000000008a800000, 0x000000008a800000| Untracked 
| 169|0x000000008a900000, 0x000000008a900000, 0x000000008aa00000|  0%| F|  |TAMS 0x000000008a900000, 0x000000008a900000| Untracked 
| 170|0x000000008aa00000, 0x000000008aa00000, 0x000000008ab00000|  0%| F|  |TAMS 0x000000008aa00000, 0x000000008aa00000| Untracked 
| 171|0x000000008ab00000, 0x000000008ab00000, 0x000000008ac00000|  0%| F|  |TAMS 0x000000008ab00000, 0x000000008ab00000| Untracked 
| 172|0x000000008ac00000, 0x000000008ac00000, 0x000000008ad00000|  0%| F|  |TAMS 0x000000008ac00000, 0x000000008ac00000| Untracked 
| 173|0x000000008ad00000, 0x000000008ad00000, 0x000000008ae00000|  0%| F|  |TAMS 0x000000008ad00000, 0x000000008ad00000| Untracked 
| 174|0x000000008ae00000, 0x000000008ae00000, 0x000000008af00000|  0%| F|  |TAMS 0x000000008ae00000, 0x000000008ae00000| Untracked 
| 175|0x000000008af00000, 0x000000008af00000, 0x000000008b000000|  0%| F|  |TAMS 0x000000008af00000, 0x000000008af00000| Untracked 
| 176|0x000000008b000000, 0x000000008b000000, 0x000000008b100000|  0%| F|  |TAMS 0x000000008b000000, 0x000000008b000000| Untracked 
| 177|0x000000008b100000, 0x000000008b100000, 0x000000008b200000|  0%| F|  |TAMS 0x000000008b100000, 0x000000008b100000| Untracked 
| 178|0x000000008b200000, 0x000000008b200000, 0x000000008b300000|  0%| F|  |TAMS 0x000000008b200000, 0x000000008b200000| Untracked 
| 179|0x000000008b300000, 0x000000008b300000, 0x000000008b400000|  0%| F|  |TAMS 0x000000008b300000, 0x000000008b300000| Untracked 
| 180|0x000000008b400000, 0x000000008b400000, 0x000000008b500000|  0%| F|  |TAMS 0x000000008b400000, 0x000000008b400000| Untracked 
| 181|0x000000008b500000, 0x000000008b500000, 0x000000008b600000|  0%| F|  |TAMS 0x000000008b500000, 0x000000008b500000| Untracked 
| 182|0x000000008b600000, 0x000000008b680800, 0x000000008b700000| 50%| E|  |TAMS 0x000000008b600000, 0x000000008b600000| Complete 
| 183|0x000000008b700000, 0x000000008b800000, 0x000000008b800000|100%| E|CS|TAMS 0x000000008b700000, 0x000000008b700000| Complete 
| 184|0x000000008b800000, 0x000000008b900000, 0x000000008b900000|100%| E|CS|TAMS 0x000000008b800000, 0x000000008b800000| Complete 
| 185|0x000000008b900000, 0x000000008ba00000, 0x000000008ba00000|100%| E|CS|TAMS 0x000000008b900000, 0x000000008b900000| Complete 
| 186|0x000000008ba00000, 0x000000008bb00000, 0x000000008bb00000|100%| E|CS|TAMS 0x000000008ba00000, 0x000000008ba00000| Complete 
| 187|0x000000008bb00000, 0x000000008bc00000, 0x000000008bc00000|100%| E|CS|TAMS 0x000000008bb00000, 0x000000008bb00000| Complete 
| 188|0x000000008bc00000, 0x000000008bd00000, 0x000000008bd00000|100%| E|CS|TAMS 0x000000008bc00000, 0x000000008bc00000| Complete 
| 189|0x000000008bd00000, 0x000000008be00000, 0x000000008be00000|100%| E|CS|TAMS 0x000000008bd00000, 0x000000008bd00000| Complete 
| 190|0x000000008be00000, 0x000000008bf00000, 0x000000008bf00000|100%| E|CS|TAMS 0x000000008be00000, 0x000000008be00000| Complete 
| 191|0x000000008bf00000, 0x000000008c000000, 0x000000008c000000|100%| E|CS|TAMS 0x000000008bf00000, 0x000000008bf00000| Complete 
| 192|0x000000008c000000, 0x000000008c100000, 0x000000008c100000|100%| E|CS|TAMS 0x000000008c000000, 0x000000008c000000| Complete 
| 193|0x000000008c100000, 0x000000008c200000, 0x000000008c200000|100%| E|CS|TAMS 0x000000008c100000, 0x000000008c100000| Complete 
| 194|0x000000008c200000, 0x000000008c300000, 0x000000008c300000|100%| E|CS|TAMS 0x000000008c200000, 0x000000008c200000| Complete 
| 195|0x000000008c300000, 0x000000008c400000, 0x000000008c400000|100%| E|CS|TAMS 0x000000008c300000, 0x000000008c300000| Complete 
| 196|0x000000008c400000, 0x000000008c500000, 0x000000008c500000|100%| E|CS|TAMS 0x000000008c400000, 0x000000008c400000| Complete 
| 197|0x000000008c500000, 0x000000008c600000, 0x000000008c600000|100%| E|CS|TAMS 0x000000008c500000, 0x000000008c500000| Complete 
| 198|0x000000008c600000, 0x000000008c700000, 0x000000008c700000|100%| E|CS|TAMS 0x000000008c600000, 0x000000008c600000| Complete 
| 199|0x000000008c700000, 0x000000008c800000, 0x000000008c800000|100%| E|CS|TAMS 0x000000008c700000, 0x000000008c700000| Complete 
| 200|0x000000008c800000, 0x000000008c900000, 0x000000008c900000|100%| E|CS|TAMS 0x000000008c800000, 0x000000008c800000| Complete 
| 201|0x000000008c900000, 0x000000008ca00000, 0x000000008ca00000|100%| E|CS|TAMS 0x000000008c900000, 0x000000008c900000| Complete 
| 202|0x000000008ca00000, 0x000000008cb00000, 0x000000008cb00000|100%| E|CS|TAMS 0x000000008ca00000, 0x000000008ca00000| Complete 
| 203|0x000000008cb00000, 0x000000008cc00000, 0x000000008cc00000|100%| E|CS|TAMS 0x000000008cb00000, 0x000000008cb00000| Complete 
| 211|0x000000008d300000, 0x000000008d400000, 0x000000008d400000|100%| E|CS|TAMS 0x000000008d300000, 0x000000008d300000| Complete 
| 212|0x000000008d400000, 0x000000008d500000, 0x000000008d500000|100%| E|CS|TAMS 0x000000008d400000, 0x000000008d400000| Complete 
| 213|0x000000008d500000, 0x000000008d600000, 0x000000008d600000|100%| E|CS|TAMS 0x000000008d500000, 0x000000008d500000| Complete 
| 214|0x000000008d600000, 0x000000008d700000, 0x000000008d700000|100%| E|CS|TAMS 0x000000008d600000, 0x000000008d600000| Complete 
| 215|0x000000008d700000, 0x000000008d751fc0, 0x000000008d800000| 32%| S|CS|TAMS 0x000000008d700000, 0x000000008d700000| Complete 
| 216|0x000000008d800000, 0x000000008d900000, 0x000000008d900000|100%| S|CS|TAMS 0x000000008d800000, 0x000000008d800000| Complete 
| 379|0x0000000097b00000, 0x0000000097c00000, 0x0000000097c00000|100%| E|CS|TAMS 0x0000000097b00000, 0x0000000097b00000| Complete 
| 380|0x0000000097c00000, 0x0000000097d00000, 0x0000000097d00000|100%| E|CS|TAMS 0x0000000097c00000, 0x0000000097c00000| Complete 

Card table byte_map: [0x000001def4820000,0x000001def4c20000] _byte_map_base: 0x000001def4420000

Marking Bits (Prev, Next): (CMBitMap*) 0x000001deea1ded30, (CMBitMap*) 0x000001deea1ded70
 Prev Bits: [0x000001def5020000, 0x000001def7020000)
 Next Bits: [0x000001def7020000, 0x000001def9020000)

Polling page: 0x000001deea240000

Metaspace:

Usage:
  Non-class:    100.27 MB used.
      Class:     14.62 MB used.
       Both:    114.89 MB used.

Virtual space:
  Non-class space:      104.00 MB reserved,     100.62 MB ( 97%) committed,  13 nodes.
      Class space:      412.00 MB reserved,      14.88 MB (  4%) committed,  1 nodes.
             Both:      516.00 MB reserved,     115.50 MB ( 22%) committed. 

Chunk freelists:
   Non-Class:  3.28 MB
       Class:  1.03 MB
        Both:  4.31 MB

MaxMetaspaceSize: 512.00 MB
CompressedClassSpaceSize: 412.00 MB
Initial GC threshold: 21.00 MB
Current GC threshold: 164.69 MB
CDS: on
MetaspaceReclaimPolicy: balanced
 - commit_granule_bytes: 65536.
 - commit_granule_words: 8192.
 - virtual_space_node_default_size: 1048576.
 - enlarge_chunks_in_place: 1.
 - new_chunks_are_fully_committed: 0.
 - uncommit_free_chunks: 1.
 - use_allocation_guard: 0.
 - handle_deallocations: 1.


Internal statistics:

num_allocs_failed_limit: 15.
num_arena_births: 692.
num_arena_deaths: 2.
num_vsnodes_births: 14.
num_vsnodes_deaths: 0.
num_space_committed: 1846.
num_space_uncommitted: 0.
num_chunks_returned_to_freelist: 20.
num_chunks_taken_from_freelist: 4637.
num_chunk_merges: 12.
num_chunk_splits: 3670.
num_chunks_enlarged: 3096.
num_purges: 2.
num_inconsistent_stats: 0.

CodeHeap 'non-profiled nmethods': size=119168Kb used=7117Kb max_used=7368Kb free=112050Kb
 bounds [0x000001de87ba0000, 0x000001de882e0000, 0x000001de8f000000]
CodeHeap 'profiled nmethods': size=119104Kb used=20664Kb max_used=20664Kb free=98440Kb
 bounds [0x000001de80750000, 0x000001de81b80000, 0x000001de87ba0000]
CodeHeap 'non-nmethods': size=7488Kb used=3138Kb max_used=4300Kb free=4350Kb
 bounds [0x000001de80000000, 0x000001de80440000, 0x000001de80750000]
 total_blobs=11313 nmethods=10188 adapters=1034
 compilation: enabled
              stopped_count=0, restarted_count=0
 full_count=0

Compilation events (20 events):
Event: 40.560 Thread 0x000001de90e78990 12624       3       org.gradle.launcher.daemon.protocol.DaemonMessageSerializer$OutputMessageSerializer::write (10 bytes)
Event: 40.560 Thread 0x000001de90e78990 nmethod 12624 0x000001de81b72d90 code [0x000001de81b72f40, 0x000001de81b732a8]
Event: 40.560 Thread 0x000001defcc62330 nmethod 12623 0x000001de81b73410 code [0x000001de81b735c0, 0x000001de81b737d8]
Event: 40.560 Thread 0x000001de90e78990 12625       3       org.gradle.launcher.daemon.protocol.DaemonMessageSerializer$OutputMessageSerializer::write (15 bytes)
Event: 40.560 Thread 0x000001de90e78990 nmethod 12625 0x000001de81b73910 code [0x000001de81b73ac0, 0x000001de81b73cc8]
Event: 40.669 Thread 0x000001de90e78990 12626       1       java.net.URI::getHost (5 bytes)
Event: 40.669 Thread 0x000001de90e78990 nmethod 12626 0x000001de87cc6490 code [0x000001de87cc6620, 0x000001de87cc66f8]
Event: 40.670 Thread 0x000001de90e78990 12627       3       java.security.MessageDigest::isEqual (100 bytes)
Event: 40.670 Thread 0x000001de90e78990 nmethod 12627 0x000001de81b73e10 code [0x000001de81b73fe0, 0x000001de81b743f8]
Event: 40.973 Thread 0x000001defcc57e00 12628       4       com.sun.crypto.provider.AESCrypt::implEncryptBlock (953 bytes)
Event: 40.973 Thread 0x000001defcc62330 12629       3       org.apache.http.util.CharArrayBuffer::indexOf (71 bytes)
Event: 40.973 Thread 0x000001de90e78990 12630       3       org.apache.http.util.CharArrayBuffer::substringTrimmed (191 bytes)
Event: 40.974 Thread 0x000001defcc62330 nmethod 12629 0x000001de81b74510 code [0x000001de81b746c0, 0x000001de81b749f8]
Event: 40.974 Thread 0x000001defcc62330 12631       3       org.apache.http.message.BasicTokenIterator::isTokenChar (30 bytes)
Event: 40.974 Thread 0x000001defcc62330 nmethod 12631 0x000001de81b74b10 code [0x000001de81b74d40, 0x000001de81b75528]
Event: 40.974 Thread 0x000001defcc62330 12632       3       org.apache.http.protocol.HttpCoreContext::getAttribute (25 bytes)
Event: 40.975 Thread 0x000001defcc62330 nmethod 12632 0x000001de81b75790 code [0x000001de81b75a00, 0x000001de81b76358]
Event: 40.975 Thread 0x000001de90e78990 nmethod 12630 0x000001de81b76710 code [0x000001de81b76b20, 0x000001de81b784e8]
Event: 40.977 Thread 0x000001de90e78990 12633       1       com.sun.crypto.provider.AESCrypt::getBlockSize (3 bytes)
Event: 40.977 Thread 0x000001de90e78990 nmethod 12633 0x000001de87cc6110 code [0x000001de87cc62a0, 0x000001de87cc6378]

GC Heap History (20 events):
Event: 29.171 GC heap before
{Heap before GC invocations=64 (full 0):
 garbage-first heap   total 390144K, used 296251K [0x0000000080000000, 0x0000000100000000)
  region size 1024K, 228 young (233472K), 5 survivors (5120K)
 Metaspace       used 47924K, committed 48448K, reserved 471040K
  class space    used 6409K, committed 6656K, reserved 421888K
}
Event: 29.173 GC heap after
{Heap after GC invocations=65 (full 0):
 garbage-first heap   total 390144K, used 60380K [0x0000000080000000, 0x0000000100000000)
  region size 1024K, 4 young (4096K), 4 survivors (4096K)
 Metaspace       used 47924K, committed 48448K, reserved 471040K
  class space    used 6409K, committed 6656K, reserved 421888K
}
Event: 30.922 GC heap before
{Heap before GC invocations=65 (full 0):
 garbage-first heap   total 390144K, used 228316K [0x0000000080000000, 0x0000000100000000)
  region size 1024K, 168 young (172032K), 4 survivors (4096K)
 Metaspace       used 59742K, committed 60288K, reserved 479232K
  class space    used 8357K, committed 8640K, reserved 421888K
}
Event: 30.927 GC heap after
{Heap after GC invocations=66 (full 0):
 garbage-first heap   total 390144K, used 62203K [0x0000000080000000, 0x0000000100000000)
  region size 1024K, 6 young (6144K), 6 survivors (6144K)
 Metaspace       used 59742K, committed 60288K, reserved 479232K
  class space    used 8357K, committed 8640K, reserved 421888K
}
Event: 32.187 GC heap before
{Heap before GC invocations=67 (full 0):
 garbage-first heap   total 215040K, used 198395K [0x0000000080000000, 0x0000000100000000)
  region size 1024K, 126 young (129024K), 6 survivors (6144K)
 Metaspace       used 70406K, committed 70976K, reserved 487424K
  class space    used 9620K, committed 9856K, reserved 421888K
}
Event: 32.195 GC heap after
{Heap after GC invocations=68 (full 0):
 garbage-first heap   total 217088K, used 79238K [0x0000000080000000, 0x0000000100000000)
  region size 1024K, 16 young (16384K), 16 survivors (16384K)
 Metaspace       used 70406K, committed 70976K, reserved 487424K
  class space    used 9620K, committed 9856K, reserved 421888K
}
Event: 32.209 GC heap before
{Heap before GC invocations=68 (full 0):
 garbage-first heap   total 217088K, used 80262K [0x0000000080000000, 0x0000000100000000)
  region size 1024K, 17 young (17408K), 16 survivors (16384K)
 Metaspace       used 70451K, committed 70976K, reserved 487424K
  class space    used 9627K, committed 9856K, reserved 421888K
}
Event: 32.215 GC heap after
{Heap after GC invocations=69 (full 0):
 garbage-first heap   total 217088K, used 72699K [0x0000000080000000, 0x0000000100000000)
  region size 1024K, 2 young (2048K), 2 survivors (2048K)
 Metaspace       used 70451K, committed 70976K, reserved 487424K
  class space    used 9627K, committed 9856K, reserved 421888K
}
Event: 33.302 GC heap before
{Heap before GC invocations=69 (full 0):
 garbage-first heap   total 217088K, used 176123K [0x0000000080000000, 0x0000000100000000)
  region size 1024K, 103 young (105472K), 2 survivors (2048K)
 Metaspace       used 82307K, committed 82880K, reserved 495616K
  class space    used 10918K, committed 11200K, reserved 421888K
}
Event: 33.306 GC heap after
{Heap after GC invocations=70 (full 0):
 garbage-first heap   total 217088K, used 76724K [0x0000000080000000, 0x0000000100000000)
  region size 1024K, 6 young (6144K), 6 survivors (6144K)
 Metaspace       used 82307K, committed 82880K, reserved 495616K
  class space    used 10918K, committed 11200K, reserved 421888K
}
Event: 34.292 GC heap before
{Heap before GC invocations=70 (full 0):
 garbage-first heap   total 217088K, used 177076K [0x0000000080000000, 0x0000000100000000)
  region size 1024K, 103 young (105472K), 6 survivors (6144K)
 Metaspace       used 88254K, committed 88832K, reserved 503808K
  class space    used 11537K, committed 11776K, reserved 421888K
}
Event: 34.299 GC heap after
{Heap after GC invocations=71 (full 0):
 garbage-first heap   total 217088K, used 82867K [0x0000000080000000, 0x0000000100000000)
  region size 1024K, 12 young (12288K), 12 survivors (12288K)
 Metaspace       used 88254K, committed 88832K, reserved 503808K
  class space    used 11537K, committed 11776K, reserved 421888K
}
Event: 35.357 GC heap before
{Heap before GC invocations=71 (full 0):
 garbage-first heap   total 217088K, used 175027K [0x0000000080000000, 0x0000000100000000)
  region size 1024K, 102 young (104448K), 12 survivors (12288K)
 Metaspace       used 99186K, committed 99712K, reserved 512000K
  class space    used 12702K, committed 12928K, reserved 421888K
}
Event: 35.362 GC heap after
{Heap after GC invocations=72 (full 0):
 garbage-first heap   total 217088K, used 87279K [0x0000000080000000, 0x0000000100000000)
  region size 1024K, 11 young (11264K), 11 survivors (11264K)
 Metaspace       used 99186K, committed 99712K, reserved 512000K
  class space    used 12702K, committed 12928K, reserved 421888K
}
Event: 35.422 GC heap before
{Heap before GC invocations=72 (full 0):
 garbage-first heap   total 217088K, used 93423K [0x0000000080000000, 0x0000000100000000)
  region size 1024K, 18 young (18432K), 11 survivors (11264K)
 Metaspace       used 100186K, committed 100736K, reserved 512000K
  class space    used 12809K, committed 13056K, reserved 421888K
}
Event: 35.427 GC heap after
{Heap after GC invocations=73 (full 0):
 garbage-first heap   total 217088K, used 88144K [0x0000000080000000, 0x0000000100000000)
  region size 1024K, 6 young (6144K), 6 survivors (6144K)
 Metaspace       used 100186K, committed 100736K, reserved 512000K
  class space    used 12809K, committed 13056K, reserved 421888K
}
Event: 36.935 GC heap before
{Heap before GC invocations=74 (full 0):
 garbage-first heap   total 217088K, used 177507K [0x0000000080000000, 0x0000000100000000)
  region size 1024K, 94 young (96256K), 6 survivors (6144K)
 Metaspace       used 111832K, committed 112384K, reserved 520192K
  class space    used 14224K, committed 14464K, reserved 421888K
}
Event: 36.940 GC heap after
{Heap after GC invocations=75 (full 0):
 garbage-first heap   total 217088K, used 90313K [0x0000000080000000, 0x0000000100000000)
  region size 1024K, 8 young (8192K), 8 survivors (8192K)
 Metaspace       used 111832K, committed 112384K, reserved 520192K
  class space    used 14224K, committed 14464K, reserved 421888K
}
Event: 37.157 GC heap before
{Heap before GC invocations=75 (full 0):
 garbage-first heap   total 217088K, used 91337K [0x0000000080000000, 0x0000000100000000)
  region size 1024K, 10 young (10240K), 8 survivors (8192K)
 Metaspace       used 112137K, committed 112704K, reserved 520192K
  class space    used 14265K, committed 14528K, reserved 421888K
}
Event: 37.161 GC heap after
{Heap after GC invocations=76 (full 0):
 garbage-first heap   total 217088K, used 90285K [0x0000000080000000, 0x0000000100000000)
  region size 1024K, 2 young (2048K), 2 survivors (2048K)
 Metaspace       used 112137K, committed 112704K, reserved 520192K
  class space    used 14265K, committed 14528K, reserved 421888K
}

Deoptimization events (20 events):
Event: 38.358 Thread 0x000001defd094940 DEOPT PACKING pc=0x000001de88244404 sp=0x00000004812f4820
Event: 38.358 Thread 0x000001defd094940 DEOPT UNPACKING pc=0x000001de80055c23 sp=0x00000004812f4818 mode 2
Event: 38.422 Thread 0x000001defd094940 Uncommon trap: trap_request=0xffffffde fr.pc=0x000001de87e2be50 relative=0x00000000000008f0
Event: 38.422 Thread 0x000001defd094940 Uncommon trap: reason=class_check action=maybe_recompile pc=0x000001de87e2be50 method=com.google.common.io.CountingInputStream.read([BII)I @ 7 c2
Event: 38.422 Thread 0x000001defd094940 DEOPT PACKING pc=0x000001de87e2be50 sp=0x00000004812f40b0
Event: 38.422 Thread 0x000001defd094940 DEOPT UNPACKING pc=0x000001de80055c23 sp=0x00000004812f40b0 mode 2
Event: 38.535 Thread 0x000001defd094940 Uncommon trap: trap_request=0xffffffd6 fr.pc=0x000001de87c1760c relative=0x000000000000036c
Event: 38.535 Thread 0x000001defd094940 Uncommon trap: reason=array_check action=maybe_recompile pc=0x000001de87c1760c method=java.util.LinkedHashMap.keysToArray([Ljava/lang/Object;)[Ljava/lang/Object; @ 25 c2
Event: 38.535 Thread 0x000001defd094940 DEOPT PACKING pc=0x000001de87c1760c sp=0x00000004812f58a0
Event: 38.535 Thread 0x000001defd094940 DEOPT UNPACKING pc=0x000001de80055c23 sp=0x00000004812f5848 mode 2
Event: 38.753 Thread 0x000001defd094940 Uncommon trap: trap_request=0xffffffde fr.pc=0x000001de87c53bfc relative=0x0000000000000bfc
Event: 38.753 Thread 0x000001defd094940 Uncommon trap: reason=class_check action=maybe_recompile pc=0x000001de87c53bfc method=java.util.HashMap.computeIfAbsent(Ljava/lang/Object;Ljava/util/function/Function;)Ljava/lang/Object; @ 142 c2
Event: 38.753 Thread 0x000001defd094940 DEOPT PACKING pc=0x000001de87c53bfc sp=0x00000004812f5b70
Event: 38.753 Thread 0x000001defd094940 DEOPT UNPACKING pc=0x000001de80055c23 sp=0x00000004812f5b38 mode 2
Event: 38.819 Thread 0x000001defd094940 Uncommon trap: trap_request=0xffffff45 fr.pc=0x000001de87cef68c relative=0x000000000000026c
Event: 38.819 Thread 0x000001defd094940 Uncommon trap: reason=unstable_if action=reinterpret pc=0x000001de87cef68c method=java.util.LinkedHashMap.get(Ljava/lang/Object;)Ljava/lang/Object; @ 16 c2
Event: 38.819 Thread 0x000001defd094940 DEOPT PACKING pc=0x000001de87cef68c sp=0x00000004812f33a0
Event: 38.819 Thread 0x000001defd094940 DEOPT UNPACKING pc=0x000001de80055c23 sp=0x00000004812f3358 mode 2
Event: 39.597 Thread 0x000001defd094940 DEOPT PACKING pc=0x000001de8176d1d9 sp=0x00000004812f3800
Event: 39.597 Thread 0x000001defd094940 DEOPT UNPACKING pc=0x000001de80056763 sp=0x00000004812f2d18 mode 0

Classes unloaded (5 events):
Event: 30.949 Thread 0x000001defcc42010 Unloading class 0x0000000801194bb8 '_BuildScript_$_run_closure2'
Event: 30.949 Thread 0x000001defcc42010 Unloading class 0x00000008011947d0 '_BuildScript_$_run_closure1$_closure4'
Event: 30.949 Thread 0x000001defcc42010 Unloading class 0x00000008011943e8 '_BuildScript_$_run_closure1$_closure3'
Event: 30.949 Thread 0x000001defcc42010 Unloading class 0x0000000801194000 '_BuildScript_$_run_closure1'
Event: 30.949 Thread 0x000001defcc42010 Unloading class 0x0000000801188800 '_BuildScript_'

Classes redefined (0 events):
No events

Internal exceptions (20 events):
Event: 35.996 Thread 0x000001defd094940 Exception <a 'sun/nio/fs/WindowsException'{0x000000008acec328}> (0x000000008acec328) 
thrown [s\src\hotspot\share\prims\jni.cpp, line 516]
Event: 36.007 Thread 0x000001defd094940 Exception <a 'sun/nio/fs/WindowsException'{0x000000008acf7780}> (0x000000008acf7780) 
thrown [s\src\hotspot\share\prims\jni.cpp, line 516]
Event: 36.141 Thread 0x000001defd094940 Exception <a 'java/lang/NoSuchMethodError'{0x000000008a78ac38}: 'void java.lang.invoke.DirectMethodHandle$Holder.invokeStatic(java.lang.Object, java.lang.Object, long, java.lang.Object)'> (0x000000008a78ac38) 
thrown [s\src\hotspot\share\interpreter\linkResolver.cpp, line 759]
Event: 36.171 Thread 0x000001defd094940 Exception <a 'java/lang/NoSuchMethodError'{0x000000008a574580}: 'int java.lang.invoke.DirectMethodHandle$Holder.invokeInterface(java.lang.Object, java.lang.Object, java.lang.Object, java.lang.Object)'> (0x000000008a574580) 
thrown [s\src\hotspot\share\interpreter\linkResolver.cpp, line 759]
Event: 36.205 Thread 0x000001defd094940 Exception <a 'java/lang/NoSuchMethodError'{0x000000008a3cdf38}: 'java.lang.Object java.lang.invoke.DirectMethodHandle$Holder.invokeStatic(java.lang.Object, long, java.lang.Object)'> (0x000000008a3cdf38) 
thrown [s\src\hotspot\share\interpreter\linkResolver.cpp, line 759]
Event: 36.211 Thread 0x000001defd094940 Exception <a 'java/lang/NoSuchMethodError'{0x000000008a230578}: 'java.lang.Object java.lang.invoke.DirectMethodHandle$Holder.newInvokeSpecial(java.lang.Object, java.lang.Object, java.lang.Object, java.lang.Object, java.lang.Object, long)'> (0x000000008a230578) 
thrown [s\src\hotspot\share\interpreter\linkResolver.cpp, line 759]
Event: 36.211 Thread 0x000001defd094940 Exception <a 'java/lang/NoSuchMethodError'{0x000000008a235e38}: 'java.lang.Object java.lang.invoke.DirectMethodHandle$Holder.invokeSpecial(java.lang.Object, java.lang.Object, java.lang.Object, java.lang.Object, java.lang.Object, java.lang.Object, long)'> (0x000000008a235e38) 
thrown [s\src\hotspot\share\interpreter\linkResolver.cpp, line 759]
Event: 36.214 Thread 0x000001defd094940 Exception <a 'java/lang/NoSuchMethodError'{0x000000008a27fe00}: 'java.lang.Object java.lang.invoke.DirectMethodHandle$Holder.newInvokeSpecial(java.lang.Object, java.lang.Object, java.lang.Object, long)'> (0x000000008a27fe00) 
thrown [s\src\hotspot\share\interpreter\linkResolver.cpp, line 759]
Event: 36.214 Thread 0x000001defd094940 Exception <a 'java/lang/NoSuchMethodError'{0x000000008a285100}: 'java.lang.Object java.lang.invoke.Invokers$Holder.linkToTargetMethod(java.lang.Object, java.lang.Object, long, java.lang.Object)'> (0x000000008a285100) 
thrown [s\src\hotspot\share\interpreter\linkResolver.cpp, line 759]
Event: 36.253 Thread 0x000001defd094940 Implicit null exception at 0x000001de88118014 to 0x000001de8811844c
Event: 36.310 Thread 0x000001defd094940 Exception <a 'java/lang/NoSuchMethodError'{0x00000000898260f8}: 'java.lang.Object java.lang.invoke.DirectMethodHandle$Holder.newInvokeSpecial(java.lang.Object, int, java.lang.Object)'> (0x00000000898260f8) 
thrown [s\src\hotspot\share\interpreter\linkResolver.cpp, line 759]
Event: 36.490 Thread 0x000001defd094940 Implicit null exception at 0x000001de87d8e7cb to 0x000001de87d8e7f0
Event: 36.539 Thread 0x000001defd094940 Exception <a 'sun/nio/fs/WindowsException'{0x00000000888285b0}> (0x00000000888285b0) 
thrown [s\src\hotspot\share\prims\jni.cpp, line 516]
Event: 38.342 Thread 0x000001defd094940 Exception <a 'java/lang/NoSuchMethodError'{0x000000008c7034e0}: 'int java.lang.invoke.DirectMethodHandle$Holder.invokeSpecial(java.lang.Object, java.lang.Object, int)'> (0x000000008c7034e0) 
thrown [s\src\hotspot\share\interpreter\linkResolver.cpp, line 759]
Event: 38.540 Thread 0x000001defd094940 Exception <a 'java/lang/NoSuchMethodError'{0x000000008c2fe380}: 'java.lang.Object java.lang.invoke.DirectMethodHandle$Holder.newInvokeSpecial(java.lang.Object, java.lang.Object, java.lang.Object, java.lang.Object, java.lang.Object, int)'> (0x000000008c2fe380) 
thrown [s\src\hotspot\share\interpreter\linkResolver.cpp, line 759]
Event: 38.540 Thread 0x000001defd094940 Exception <a 'java/lang/NoSuchMethodError'{0x000000008c1043e8}: 'java.lang.Object java.lang.invoke.DirectMethodHandle$Holder.invokeSpecial(java.lang.Object, java.lang.Object, java.lang.Object, java.lang.Object, java.lang.Object, java.lang.Object, int)'> (0x000000008c1043e8) 
thrown [s\src\hotspot\share\interpreter\linkResolver.cpp, line 759]
Event: 38.540 Thread 0x000001defd094940 Exception <a 'java/lang/NoSuchMethodError'{0x000000008c1096d0}: 'java.lang.Object java.lang.invoke.Invokers$Holder.linkToTargetMethod(java.lang.Object, java.lang.Object, java.lang.Object, java.lang.Object, int, java.lang.Object)'> (0x000000008c1096d0) 
thrown [s\src\hotspot\share\interpreter\linkResolver.cpp, line 759]
Event: 38.551 Thread 0x000001defd094940 Exception <a 'java/lang/NoSuchMethodError'{0x000000008c16bdf8}: 'java.lang.Object java.lang.invoke.DirectMethodHandle$Holder.invokeSpecial(java.lang.Object, java.lang.Object, java.lang.Object, java.lang.Object, java.lang.Object, long)'> (0x000000008c16bdf8) 
thrown [s\src\hotspot\share\interpreter\linkResolver.cpp, line 759]
Event: 38.555 Thread 0x000001defd094940 Exception <a 'java/lang/NoSuchMethodError'{0x000000008c199310}: 'void java.lang.invoke.DirectMethodHandle$Holder.invokeStatic(java.lang.Object, java.lang.Object, java.lang.Object, int, java.lang.Object)'> (0x000000008c199310) 
thrown [s\src\hotspot\share\interpreter\linkResolver.cpp, line 759]
Event: 38.719 Thread 0x000001defd094940 Exception <a 'java/lang/NoSuchMethodError'{0x000000008bdb7c90}: 'java.lang.Object java.lang.invoke.DirectMethodHandle$Holder.invokeSpecial(java.lang.Object, java.lang.Object, long, java.lang.Object, java.lang.Object)'> (0x000000008bdb7c90) 
thrown [s\src\hotspot\share\interpreter\linkResolver.cpp, line 759]

VM Operations (20 events):
Event: 36.866 Executing VM operation: HandshakeAllThreads
Event: 36.866 Executing VM operation: HandshakeAllThreads done
Event: 36.935 Executing VM operation: G1CollectForAllocation
Event: 36.940 Executing VM operation: G1CollectForAllocation done
Event: 36.955 Executing VM operation: HandshakeAllThreads
Event: 36.955 Executing VM operation: HandshakeAllThreads done
Event: 37.157 Executing VM operation: G1CollectForAllocation
Event: 37.161 Executing VM operation: G1CollectForAllocation done
Event: 38.323 Executing VM operation: HandshakeAllThreads
Event: 38.323 Executing VM operation: HandshakeAllThreads done
Event: 38.323 Executing VM operation: Cleanup
Event: 38.323 Executing VM operation: Cleanup done
Event: 38.358 Executing VM operation: HandshakeAllThreads
Event: 38.358 Executing VM operation: HandshakeAllThreads done
Event: 38.374 Executing VM operation: HandshakeAllThreads
Event: 38.375 Executing VM operation: HandshakeAllThreads done
Event: 39.375 Executing VM operation: Cleanup
Event: 39.375 Executing VM operation: Cleanup done
Event: 40.376 Executing VM operation: Cleanup
Event: 40.376 Executing VM operation: Cleanup done

Events (20 events):
Event: 39.255 loading class sun/security/ssl/PreSharedKeyExtension$CHPreSharedKeySpec
Event: 39.256 loading class sun/security/ssl/PreSharedKeyExtension$CHPreSharedKeySpec done
Event: 39.256 loading class sun/security/ssl/PreSharedKeyExtension$PartialClientHelloMessage
Event: 39.256 loading class sun/security/ssl/PreSharedKeyExtension$PartialClientHelloMessage done
Event: 39.256 loading class sun/security/ssl/SSLEngineOutputRecord
Event: 39.256 loading class sun/security/ssl/SSLEngineOutputRecord done
Event: 39.257 loading class sun/security/ssl/SSLEngineOutputRecord$HandshakeFragment
Event: 39.257 loading class sun/security/ssl/SSLEngineOutputRecord$HandshakeFragment done
Event: 39.257 loading class sun/security/ssl/SSLEngineOutputRecord$HandshakeMemo
Event: 39.257 loading class sun/security/ssl/SSLEngineOutputRecord$RecordMemo
Event: 39.257 loading class sun/security/ssl/SSLEngineOutputRecord$RecordMemo done
Event: 39.257 loading class sun/security/ssl/SSLEngineOutputRecord$HandshakeMemo done
Event: 39.333 loading class sun/security/ssl/PreSharedKeyExtension$SHPreSharedKeySpec
Event: 39.333 loading class sun/security/ssl/PreSharedKeyExtension$SHPreSharedKeySpec done
Event: 40.528 Thread 0x000001de8fe1f4f0 Thread exited: 0x000001de8fe1f4f0
Event: 40.528 Thread 0x000001de8fe21d70 Thread exited: 0x000001de8fe21d70
Event: 40.549 loading class com/sun/org/apache/xerces/internal/dom/DeferredCommentImpl
Event: 40.549 loading class com/sun/org/apache/xerces/internal/dom/CommentImpl
Event: 40.550 loading class com/sun/org/apache/xerces/internal/dom/CommentImpl done
Event: 40.550 loading class com/sun/org/apache/xerces/internal/dom/DeferredCommentImpl done


Dynamic libraries:
0x00007ff790880000 - 0x00007ff79088e000 	C:\Users\efdf\AppData\Local\Programs\Eclipse Adoptium\jdk-17.0.4.101-hotspot\bin\java.exe
0x00007fff0ccb0000 - 0x00007fff0cec7000 	C:\WINDOWS\SYSTEM32\ntdll.dll
0x00007fff0bb80000 - 0x00007fff0bc44000 	C:\WINDOWS\System32\KERNEL32.DLL
0x00007fff0a420000 - 0x00007fff0a7cd000 	C:\WINDOWS\System32\KERNELBASE.dll
0x00007fff09fd0000 - 0x00007fff0a0e1000 	C:\WINDOWS\System32\ucrtbase.dll
0x00007ffebb120000 - 0x00007ffebb138000 	C:\Users\efdf\AppData\Local\Programs\Eclipse Adoptium\jdk-17.0.4.101-hotspot\bin\jli.dll
0x00007ffeb6c00000 - 0x00007ffeb6c19000 	C:\Users\efdf\AppData\Local\Programs\Eclipse Adoptium\jdk-17.0.4.101-hotspot\bin\VCRUNTIME140.dll
0x00007fff0bd70000 - 0x00007fff0bf1e000 	C:\WINDOWS\System32\USER32.dll
0x00007fff0a7d0000 - 0x00007fff0a7f6000 	C:\WINDOWS\System32\win32u.dll
0x00007ffef9760000 - 0x00007ffef99f3000 	C:\WINDOWS\WinSxS\amd64_microsoft.windows.common-controls_6595b64144ccf1df_6.0.22621.3672_none_2713b9d173822955\COMCTL32.dll
0x00007fff0b210000 - 0x00007fff0b239000 	C:\WINDOWS\System32\GDI32.dll
0x00007fff0a0f0000 - 0x00007fff0a209000 	C:\WINDOWS\System32\gdi32full.dll
0x00007fff0cbc0000 - 0x00007fff0cc67000 	C:\WINDOWS\System32\msvcrt.dll
0x00007fff0a210000 - 0x00007fff0a2aa000 	C:\WINDOWS\System32\msvcp_win.dll
0x00007fff0ac90000 - 0x00007fff0acc1000 	C:\WINDOWS\System32\IMM32.DLL
0x00007ffeccbb0000 - 0x00007ffeccbbc000 	C:\Users\efdf\AppData\Local\Programs\Eclipse Adoptium\jdk-17.0.4.101-hotspot\bin\vcruntime140_1.dll
0x00007ffe562c0000 - 0x00007ffe56351000 	C:\Users\efdf\AppData\Local\Programs\Eclipse Adoptium\jdk-17.0.4.101-hotspot\bin\msvcp140.dll
0x00007ffe2b460000 - 0x00007ffe2c0a6000 	C:\Users\efdf\AppData\Local\Programs\Eclipse Adoptium\jdk-17.0.4.101-hotspot\bin\server\jvm.dll
0x00007fff0c280000 - 0x00007fff0c332000 	C:\WINDOWS\System32\ADVAPI32.dll
0x00007fff0aa70000 - 0x00007fff0ab19000 	C:\WINDOWS\System32\sechost.dll
0x00007fff0a370000 - 0x00007fff0a398000 	C:\WINDOWS\System32\bcrypt.dll
0x00007fff0bc50000 - 0x00007fff0bd64000 	C:\WINDOWS\System32\RPCRT4.dll
0x00007fff0acd0000 - 0x00007fff0acd8000 	C:\WINDOWS\System32\PSAPI.DLL
0x00007ffeff7f0000 - 0x00007ffeff824000 	C:\WINDOWS\SYSTEM32\WINMM.dll
0x00007ffe82220000 - 0x00007ffe82229000 	C:\WINDOWS\SYSTEM32\WSOCK32.dll
0x00007ffefe200000 - 0x00007ffefe20a000 	C:\WINDOWS\SYSTEM32\VERSION.dll
0x00007fff0ac10000 - 0x00007fff0ac81000 	C:\WINDOWS\System32\WS2_32.dll
0x00007fff090f0000 - 0x00007fff09108000 	C:\WINDOWS\SYSTEM32\kernel.appcore.dll
0x00007ffeccae0000 - 0x00007ffeccaea000 	C:\Users\efdf\AppData\Local\Programs\Eclipse Adoptium\jdk-17.0.4.101-hotspot\bin\jimage.dll
0x00007fff07920000 - 0x00007fff07b52000 	C:\WINDOWS\SYSTEM32\DBGHELP.DLL
0x00007fff0ae80000 - 0x00007fff0b20d000 	C:\WINDOWS\System32\combase.dll
0x00007fff0ab20000 - 0x00007fff0abf7000 	C:\WINDOWS\System32\OLEAUT32.dll
0x00007ffed9670000 - 0x00007ffed96a2000 	C:\WINDOWS\SYSTEM32\dbgcore.DLL
0x00007fff0a3a0000 - 0x00007fff0a41b000 	C:\WINDOWS\System32\bcryptPrimitives.dll
0x00007ffecbe50000 - 0x00007ffecbe5e000 	C:\Users\efdf\AppData\Local\Programs\Eclipse Adoptium\jdk-17.0.4.101-hotspot\bin\instrument.dll
0x00007ffeb3160000 - 0x00007ffeb3185000 	C:\Users\efdf\AppData\Local\Programs\Eclipse Adoptium\jdk-17.0.4.101-hotspot\bin\java.dll
0x00007ffe54bc0000 - 0x00007ffe54c96000 	C:\Users\efdf\AppData\Local\Programs\Eclipse Adoptium\jdk-17.0.4.101-hotspot\bin\jsvml.dll
0x00007fff0c340000 - 0x00007fff0cba8000 	C:\WINDOWS\System32\SHELL32.dll
0x00007fff07f30000 - 0x00007fff0882e000 	C:\WINDOWS\SYSTEM32\windows.storage.dll
0x00007fff07df0000 - 0x00007fff07f2f000 	C:\WINDOWS\SYSTEM32\wintypes.dll
0x00007fff0b5a0000 - 0x00007fff0b699000 	C:\WINDOWS\System32\SHCORE.dll
0x00007fff0ae20000 - 0x00007fff0ae7e000 	C:\WINDOWS\System32\shlwapi.dll
0x00007fff09f00000 - 0x00007fff09f21000 	C:\WINDOWS\SYSTEM32\profapi.dll
0x00007ffeb3cf0000 - 0x00007ffeb3d08000 	C:\Users\efdf\AppData\Local\Programs\Eclipse Adoptium\jdk-17.0.4.101-hotspot\bin\zip.dll
0x00007ffeb6be0000 - 0x00007ffeb6bf9000 	C:\Users\efdf\AppData\Local\Programs\Eclipse Adoptium\jdk-17.0.4.101-hotspot\bin\net.dll
0x00007fff02a30000 - 0x00007fff02b66000 	C:\WINDOWS\SYSTEM32\WINHTTP.dll
0x00007fff09560000 - 0x00007fff095c9000 	C:\WINDOWS\system32\mswsock.dll
0x00007ffeb54b0000 - 0x00007ffeb54c5000 	C:\Users\efdf\AppData\Local\Programs\Eclipse Adoptium\jdk-17.0.4.101-hotspot\bin\nio.dll
0x00007ffecca90000 - 0x00007ffeccaa0000 	C:\Users\efdf\AppData\Local\Programs\Eclipse Adoptium\jdk-17.0.4.101-hotspot\bin\verify.dll
0x00007ffeb6c20000 - 0x00007ffeb6c47000 	C:\Users\efdf\.gradle\native\c067742578af261105cb4f569cf0c3c89f3d7b1fecec35dd04571415982c5e48\windows-amd64\native-platform.dll
0x00007ffe539a0000 - 0x00007ffe53ae4000 	C:\Users\efdf\.gradle\native\100fb08df4bc3b14c8652ba06237920a3bd2aa13389f12d3474272988ae205f9\windows-amd64\native-platform-file-events.dll
0x00007ffecbe70000 - 0x00007ffecbe79000 	C:\Users\efdf\AppData\Local\Programs\Eclipse Adoptium\jdk-17.0.4.101-hotspot\bin\management.dll
0x00007ffecbe60000 - 0x00007ffecbe6b000 	C:\Users\efdf\AppData\Local\Programs\Eclipse Adoptium\jdk-17.0.4.101-hotspot\bin\management_ext.dll
0x00007fff097d0000 - 0x00007fff097eb000 	C:\WINDOWS\SYSTEM32\CRYPTSP.dll
0x00007fff09050000 - 0x00007fff09085000 	C:\WINDOWS\system32\rsaenh.dll
0x00007fff09660000 - 0x00007fff09688000 	C:\WINDOWS\SYSTEM32\USERENV.dll
0x00007fff097c0000 - 0x00007fff097cc000 	C:\WINDOWS\SYSTEM32\CRYPTBASE.dll
0x00007fff08b00000 - 0x00007fff08b2d000 	C:\WINDOWS\SYSTEM32\IPHLPAPI.DLL
0x00007fff0ac00000 - 0x00007fff0ac09000 	C:\WINDOWS\System32\NSI.dll
0x00007fff030f0000 - 0x00007fff03109000 	C:\WINDOWS\SYSTEM32\dhcpcsvc6.DLL
0x00007fff03040000 - 0x00007fff0305f000 	C:\WINDOWS\SYSTEM32\dhcpcsvc.DLL
0x00007fff08b70000 - 0x00007fff08c68000 	C:\WINDOWS\SYSTEM32\DNSAPI.dll
0x00007ffecca60000 - 0x00007ffecca6e000 	C:\Users\efdf\AppData\Local\Programs\Eclipse Adoptium\jdk-17.0.4.101-hotspot\bin\sunmscapi.dll
0x00007fff0a800000 - 0x00007fff0a967000 	C:\WINDOWS\System32\CRYPT32.dll
0x00007fff09960000 - 0x00007fff0998e000 	C:\WINDOWS\SYSTEM32\ncrypt.dll
0x00007fff09920000 - 0x00007fff09957000 	C:\WINDOWS\SYSTEM32\NTASN1.dll
0x00007fff031d0000 - 0x00007fff031d8000 	C:\WINDOWS\system32\wshunix.dll
0x00007ffeff8f0000 - 0x00007ffeff8fa000 	C:\Windows\System32\rasadhlp.dll
0x00007fff00900000 - 0x00007fff00983000 	C:\WINDOWS\System32\fwpuclnt.dll

dbghelp: loaded successfully - version: 4.0.5 - missing functions: none
symbol engine: initialized successfully - sym options: 0x614 - pdb path: .;C:\Users\efdf\AppData\Local\Programs\Eclipse Adoptium\jdk-17.0.4.101-hotspot\bin;C:\WINDOWS\SYSTEM32;C:\WINDOWS\WinSxS\amd64_microsoft.windows.common-controls_6595b64144ccf1df_6.0.22621.3672_none_2713b9d173822955;C:\Users\efdf\AppData\Local\Programs\Eclipse Adoptium\jdk-17.0.4.101-hotspot\bin\server;C:\Users\efdf\.gradle\native\c067742578af261105cb4f569cf0c3c89f3d7b1fecec35dd04571415982c5e48\windows-amd64;C:\Users\efdf\.gradle\native\100fb08df4bc3b14c8652ba06237920a3bd2aa13389f12d3474272988ae205f9\windows-amd64

VM Arguments:
jvm_args: -XX:MaxMetaspaceSize=512m --add-opens=java.base/java.util=ALL-UNNAMED --add-opens=java.base/java.lang=ALL-UNNAMED --add-opens=java.base/java.lang.invoke=ALL-UNNAMED --add-opens=java.prefs/java.util.prefs=ALL-UNNAMED --add-opens=java.base/java.nio.charset=ALL-UNNAMED --add-opens=java.base/java.net=ALL-UNNAMED --add-opens=java.base/java.util.concurrent.atomic=ALL-UNNAMED -Xmx2048m -Dfile.encoding=windows-1252 -Duser.country=US -Duser.language=en -Duser.variant -javaagent:C:\Users\efdf\.gradle\wrapper\dists\gradle-8.8-all\6gdy1pgp427xkqcjbxw3ylt6h\gradle-8.8\lib\agents\gradle-instrumentation-agent-8.8.jar 
java_command: org.gradle.launcher.daemon.bootstrap.GradleDaemon 8.8
java_class_path (initial): C:\Users\efdf\.gradle\wrapper\dists\gradle-8.8-all\6gdy1pgp427xkqcjbxw3ylt6h\gradle-8.8\lib\gradle-launcher-8.8.jar
Launcher Type: SUN_STANDARD

[Global flags]
     intx CICompilerCount                          = 12                                        {product} {ergonomic}
   size_t CompressedClassSpaceSize                 = 432013312                                 {product} {ergonomic}
     uint ConcGCThreads                            = 3                                         {product} {ergonomic}
     uint G1ConcRefinementThreads                  = 13                                        {product} {ergonomic}
   size_t G1HeapRegionSize                         = 1048576                                   {product} {ergonomic}
    uintx GCDrainStackTargetSize                   = 64                                        {product} {ergonomic}
   size_t InitialHeapSize                          = 266338304                                 {product} {ergonomic}
   size_t MarkStackSize                            = 4194304                                   {product} {ergonomic}
   size_t MaxHeapSize                              = 2147483648                                {product} {command line}
   size_t MaxMetaspaceSize                         = 536870912                                 {product} {command line}
   size_t MaxNewSize                               = 1287651328                                {product} {ergonomic}
   size_t MinHeapDeltaBytes                        = 1048576                                   {product} {ergonomic}
   size_t MinHeapSize                              = 8388608                                   {product} {ergonomic}
    uintx NonNMethodCodeHeapSize                   = 7602480                                {pd product} {ergonomic}
    uintx NonProfiledCodeHeapSize                  = 122027880                              {pd product} {ergonomic}
    uintx ProfiledCodeHeapSize                     = 122027880                              {pd product} {ergonomic}
    uintx ReservedCodeCacheSize                    = 251658240                              {pd product} {ergonomic}
     bool SegmentedCodeCache                       = true                                      {product} {ergonomic}
   size_t SoftMaxHeapSize                          = 2147483648                             {manageable} {ergonomic}
     bool UseCompressedClassPointers               = true                           {product lp64_product} {ergonomic}
     bool UseCompressedOops                        = true                           {product lp64_product} {ergonomic}
     bool UseG1GC                                  = true                                      {product} {ergonomic}
     bool UseLargePagesIndividualAllocation        = false                                  {pd product} {ergonomic}

Logging:
Log output configuration:
 #0: stdout all=warning uptime,level,tags
 #1: stderr all=off uptime,level,tags

Environment Variables:
JAVA_HOME=C:\Users\efdf\AppData\Local\Programs\Eclipse Adoptium\jdk-17.0.4.101-hotspot\
CLASSPATH=D:\Workspace\reactnative\anime_project\android\\gradle\wrapper\gradle-wrapper.jar
PATH=D:\Workspace\reactnative\anime_project\node_modules\.bin;D:\Workspace\reactnative\anime_project\node_modules\.bin;D:\Workspace\reactnative\node_modules\.bin;D:\Workspace\node_modules\.bin;D:\node_modules\.bin;d:\nodejs\node_modules\npm\node_modules\@npmcli\run-script\lib\node-gyp-bin;d:\vmware\bin\;c:\windows\system32;c:\windows;c:\windows\system32\wbem;c:\windows\system32\windowspowershell\v1.0\;c:\windows\system32\openssh\;c:\program files\nvidia corporation\nvidia nvdlisr;c:\windows\system32;c:\windows;c:\windows\system32\wbem;c:\windows\system32\windowspowershell\v1.0\;c:\windows\system32\openssh\;c:\program files (x86)\dotnet\;c:\program files\microsoft sql server\client sdk\odbc\170\tools\binn\;c:\program files (x86)\microsoft sql server\150\tools\binn\;c:\program files\microsoft sql server\150\tools\binn\;c:\program files\microsoft sql server\150\dts\binn\;c:\program files\azure data studio\bin;c:\users\efdf\desktop\test;c:\program files\git\cmd;d:\nodejs\;C:\Program Files (x86)\NVIDIA Corporation\PhysX\Common;C:\Program Files\Git\cmd;C:\Program Files (x86)\Windows Kits\10\Windows Performance Toolkit\;C:\Program Files\dotnet\;C:\Program Files\Cloudflare\Cloudflare WARP\;C:Users\efdf\AppData\Roaming\npm;C:\Users\efdf\AppData\Local\Android\Sdk\emulator;C:\Users\efdf\AppData\Local\Programs\Eclipse Adoptium\jdk-17.0.4.101-hotspot\bin;C:\Users\efdf\AppData\Local\Microsoft\WindowsApps;D:\Microsoft VS Code\bin;C:\Program Files\Azure Data Studio\bin;C:\Users\efdf\Desktop\test;C:\Users\efdf\AppData\Roaming\npm
USERNAME=efdf
LANG=en_US.UTF-8
OS=Windows_NT
PROCESSOR_IDENTIFIER=Intel64 Family 6 Model 141 Stepping 1, GenuineIntel
TMP=C:\Users\efdf\AppData\Local\Temp
TEMP=C:\Users\efdf\AppData\Local\Temp



---------------  S Y S T E M  ---------------

OS:
 Windows 11 , 64 bit Build 22621 (10.0.22621.3958)
OS uptime: 0 days 20:16 hours

CPU: total 16 (initial active 16) (8 cores per cpu, 2 threads per core) family 6 model 141 stepping 1 microcode 0x3c, cx8, cmov, fxsr, ht, mmx, 3dnowpref, sse, sse2, sse3, ssse3, sse4.1, sse4.2, popcnt, lzcnt, tsc, tscinvbit, avx, avx2, aes, erms, clmul, bmi1, bmi2, adx, avx512f, avx512dq, avx512cd, avx512bw, avx512vl, sha, fma, vzeroupper, avx512_vpopcntdq, avx512_vpclmulqdq, avx512_vaes, avx512_vnni, clflush, clflushopt, clwb, avx512_vbmi2, avx512_vbmi

Memory: 4k page, system-wide physical 16163M (320M free)
TotalPageFile size 33768M (AvailPageFile size 15M)
current process WorkingSet (physical memory assigned to process): 481M, peak: 602M
current process commit charge ("private bytes"): 530M, peak: 660M

vm_info: OpenJDK 64-Bit Server VM (17.0.4.1+1) for windows-amd64 JRE (17.0.4.1+1), built on Aug 17 2022 07:42:43 by "temurin" with MS VC++ 16.7 (VS2019)

END.
